<?xml version="1.0" encoding="UTF-8"?>
<testsuite xmlns:xsi="http://www.w3.org/2001/XMLSchema-instance" xsi:noNamespaceSchemaLocation="https://maven.apache.org/surefire/maven-surefire-plugin/xsd/surefire-test-report-3.0.xsd" version="3.0" name="runner.TestRunner" time="4.08" tests="1" errors="0" skipped="0" failures="0">
  <properties>
[...]
</properties>
  <testcase name="cleaning service" classname="pltsci-sdet-assignment" time="3.756">
    <system-out><![CDATA[23:28:19.432 [main] DEBUG org.springframework.test.context.BootstrapUtils - Instantiating CacheAwareContextLoaderDelegate from class [org.springframework.test.context.cache.DefaultCacheAwareContextLoaderDelegate]
23:28:19.447 [main] DEBUG org.springframework.test.context.BootstrapUtils - Instantiating BootstrapContext using constructor [public org.springframework.test.context.support.DefaultBootstrapContext(java.lang.Class,org.springframework.test.context.CacheAwareContextLoaderDelegate)]
23:28:19.471 [main] DEBUG org.springframework.test.context.BootstrapUtils - Instantiating TestContextBootstrapper for test class [config.CucumberSpringConfiguration] from class [org.springframework.boot.test.context.SpringBootTestContextBootstrapper]
23:28:19.485 [main] INFO org.springframework.boot.test.context.SpringBootTestContextBootstrapper - Neither @ContextConfiguration nor @ContextHierarchy found for test class [config.CucumberSpringConfiguration], using SpringBootContextLoader
23:28:19.489 [main] DEBUG org.springframework.test.context.support.AbstractContextLoader - Did not detect default resource location for test class [config.CucumberSpringConfiguration]: class path resource [config/CucumberSpringConfiguration-context.xml] does not exist
23:28:19.489 [main] DEBUG org.springframework.test.context.support.AbstractContextLoader - Did not detect default resource location for test class [config.CucumberSpringConfiguration]: class path resource [config/CucumberSpringConfigurationContext.groovy] does not exist
23:28:19.490 [main] INFO org.springframework.test.context.support.AbstractContextLoader - Could not detect default resource locations for test class [config.CucumberSpringConfiguration]: no resource found for suffixes {-context.xml, Context.groovy}.
23:28:19.539 [main] DEBUG org.springframework.test.context.support.ActiveProfilesUtils - Could not find an 'annotation declaring class' for annotation type [org.springframework.test.context.ActiveProfiles] and class [config.CucumberSpringConfiguration]
23:28:19.648 [main] DEBUG org.springframework.boot.test.context.SpringBootTestContextBootstrapper - @TestExecutionListeners is not present for class [config.CucumberSpringConfiguration]: using defaults.
23:28:19.649 [main] INFO org.springframework.boot.test.context.SpringBootTestContextBootstrapper - Loaded default TestExecutionListener class names from location [META-INF/spring.factories]: [org.springframework.boot.test.mock.mockito.MockitoTestExecutionListener, org.springframework.boot.test.mock.mockito.ResetMocksTestExecutionListener, org.springframework.boot.test.autoconfigure.restdocs.RestDocsTestExecutionListener, org.springframework.boot.test.autoconfigure.web.client.MockRestServiceServerResetTestExecutionListener, org.springframework.boot.test.autoconfigure.web.servlet.MockMvcPrintOnlyOnFailureTestExecutionListener, org.springframework.boot.test.autoconfigure.web.servlet.WebDriverTestExecutionListener, org.springframework.boot.test.autoconfigure.webservices.client.MockWebServiceServerTestExecutionListener, org.springframework.test.context.web.ServletTestExecutionListener, org.springframework.test.context.support.DirtiesContextBeforeModesTestExecutionListener, org.springframework.test.context.event.ApplicationEventsTestExecutionListener, org.springframework.test.context.support.DependencyInjectionTestExecutionListener, org.springframework.test.context.support.DirtiesContextTestExecutionListener, org.springframework.test.context.transaction.TransactionalTestExecutionListener, org.springframework.test.context.jdbc.SqlScriptsTestExecutionListener, org.springframework.test.context.event.EventPublishingTestExecutionListener]
23:28:19.662 [main] DEBUG org.springframework.boot.test.context.SpringBootTestContextBootstrapper - Skipping candidate TestExecutionListener [org.springframework.test.context.transaction.TransactionalTestExecutionListener] due to a missing dependency. Specify custom listener classes or make the default listener classes and their required dependencies available. Offending class: [org/springframework/transaction/interceptor/TransactionAttributeSource]
23:28:19.663 [main] DEBUG org.springframework.boot.test.context.SpringBootTestContextBootstrapper - Skipping candidate TestExecutionListener [org.springframework.test.context.jdbc.SqlScriptsTestExecutionListener] due to a missing dependency. Specify custom listener classes or make the default listener classes and their required dependencies available. Offending class: [org/springframework/transaction/interceptor/TransactionAttribute]
23:28:19.663 [main] INFO org.springframework.boot.test.context.SpringBootTestContextBootstrapper - Using TestExecutionListeners: [org.springframework.test.context.web.ServletTestExecutionListener@5e76a2bb, org.springframework.test.context.support.DirtiesContextBeforeModesTestExecutionListener@757194dc, org.springframework.test.context.event.ApplicationEventsTestExecutionListener@5a865416, org.springframework.boot.test.mock.mockito.MockitoTestExecutionListener@14faa38c, org.springframework.boot.test.autoconfigure.SpringBootDependencyInjectionTestExecutionListener@7ff2b8d2, org.springframework.test.context.support.DirtiesContextTestExecutionListener@6dc1484, org.springframework.test.context.event.EventPublishingTestExecutionListener@6e92c6ad, org.springframework.boot.test.mock.mockito.ResetMocksTestExecutionListener@2fb5fe30, org.springframework.boot.test.autoconfigure.restdocs.RestDocsTestExecutionListener@456be73c, org.springframework.boot.test.autoconfigure.web.client.MockRestServiceServerResetTestExecutionListener@2375b321, org.springframework.boot.test.autoconfigure.web.servlet.MockMvcPrintOnlyOnFailureTestExecutionListener@5baaae4c, org.springframework.boot.test.autoconfigure.web.servlet.WebDriverTestExecutionListener@5b6e8f77, org.springframework.boot.test.autoconfigure.webservices.client.MockWebServiceServerTestExecutionListener@41a6d121]

  .   ____          _            __ _ _
 /\\ / ___'_ __ _ _(_)_ __  __ _ \ \ \ \
( ( )\___ | '_ | '_| | '_ \/ _` | \ \ \ \
 \\/  ___)| |_)| | | | | || (_| |  ) ) ) )
  '  |____| .__|_| |_|_| |_\__, | / / / /
 =========|_|==============|___/=/_/_/_/
 :: Spring Boot ::                (v2.7.5)

2022-11-27 23:28:20.036  INFO 18596 --- [           main] config.CucumberSpringConfiguration       : Starting CucumberSpringConfiguration using Java 17.0.5 on DESKTOP-KVIQF02 with PID 18596 (started by Eddua in C:\Users\Eddua\Documents\Workspace\platformscience)
2022-11-27 23:28:20.038  INFO 18596 --- [           main] config.CucumberSpringConfiguration       : No active profile set, falling back to 1 default profile: "default"
2022-11-27 23:28:20.692  INFO 18596 --- [           main] config.CucumberSpringConfiguration       : Started CucumberSpringConfiguration in 0.993 seconds (JVM running for 2.733)

@pltsci-sdet-assignment @cleaning-sessions
Scenario: cleaning service                          &amp#27;[90m# src/test/resources/features/cleaning.feature:5&amp#27;[0m
  &amp#27;[32mGiven &amp#27;[0m&amp#27;[32mA room size of &amp#27;[0m&amp#27;[32m&amp#27;[1m5&amp#27;[0m&amp#27;[32m by &amp#27;[0m&amp#27;[32m&amp#27;[1m5&amp#27;[0m                       &amp#27;[90m# stepDefinitions.CleaningSteps.setRoomSize(int,int)&amp#27;[0m
  &amp#27;[32m* &amp#27;[0m&amp#27;[32mrobot initial coordinates of &amp#27;[0m&amp#27;[32m&amp#27;[1m1&amp#27;[0m&amp#27;[32m and &amp#27;[0m&amp#27;[32m&amp#27;[1m2&amp#27;[0m            &amp#27;[90m# stepDefinitions.CleaningSteps.setInitialCoordinates(int,int)&amp#27;[0m
  &amp#27;[32m* &amp#27;[0m&amp#27;[32mdirt patches at&amp#27;[0m                                 &amp#27;[90m# stepDefinitions.CleaningSteps.setDirtPatches(io.cucumber.datatable.DataTable)&amp#27;[0m
    | X | Y |
    | 1 | 0 |
    | 2 | 2 |
    | 2 | 3 |
  &amp#27;[32m* &amp#27;[0m&amp#27;[32mmovement instructions of &amp#27;[0m&amp#27;[32m&amp#27;[1m"NNESEESWNWW"&amp#27;[0m          &amp#27;[90m# stepDefinitions.CleaningSteps.setInstructions(java.lang.String)&amp#27;[0m
requestSpecification: {"timestamp":"2022-11-28T05:28:22.417+0000","path":"/","status":404,"error":"Not Found","message":null}
/v1/cleaning-sessions
CALL: io.restassured.internal.RestAssuredResponseImpl@72e36677
  &amp#27;[32mWhen &amp#27;[0m&amp#27;[32mrobot calls cleaning service&amp#27;[0m                 &amp#27;[90m# stepDefinitions.CleaningSteps.callHttpRequest()&amp#27;[0m
Response:
io.restassured.internal.RestAssuredResponseImpl@39c5a105
  &amp#27;[32mThen &amp#27;[0m&amp#27;[32mcleaning calls responds with status code &amp#27;[0m&amp#27;[32m&amp#27;[1m200&amp#27;[0m &amp#27;[90m# stepDefinitions.CleaningSteps.verifyApiCallStatusCode(int)&amp#27;[0m
  &amp#27;[32m* &amp#27;[0m&amp#27;[32mverify robot final coordinates are &amp#27;[0m&amp#27;[32m&amp#27;[1m1&amp#27;[0m&amp#27;[32m and &amp#27;[0m&amp#27;[32m&amp#27;[1m3&amp#27;[0m      &amp#27;[90m# stepDefinitions.CleaningSteps.verifyFinalCoordinates(int,int)&amp#27;[0m
  &amp#27;[32m* &amp#27;[0m&amp#27;[32mverify cleaned patches is &amp#27;[0m&amp#27;[32m&amp#27;[1m1&amp#27;[0m                     &amp#27;[90m# stepDefinitions.CleaningSteps.verifyCleanedPatches(int)&amp#27;[0m
]]></system-out>
  </testcase>
</testsuite>